[DEBUG][20-01-04][org.apache.ibatis.logging.LogFactory]Logging initialized using 'class org.apache.ibatis.logging.log4j.Log4jImpl' adapter.
[DEBUG][20-01-04][org.apache.ibatis.logging.LogFactory]Logging initialized using 'class org.apache.ibatis.logging.log4j.Log4jImpl' adapter.
[DEBUG][20-01-04][org.apache.ibatis.logging.LogFactory]Logging initialized using 'class org.apache.ibatis.logging.log4j.Log4jImpl' adapter.
[DEBUG][20-01-04][org.apache.ibatis.datasource.pooled.PooledDataSource]PooledDataSource forcefully closed/removed all connections.
[DEBUG][20-01-04][org.apache.ibatis.datasource.pooled.PooledDataSource]PooledDataSource forcefully closed/removed all connections.
[DEBUG][20-01-04][org.apache.ibatis.datasource.pooled.PooledDataSource]PooledDataSource forcefully closed/removed all connections.
[DEBUG][20-01-04][org.apache.ibatis.datasource.pooled.PooledDataSource]PooledDataSource forcefully closed/removed all connections.
[DEBUG][20-01-04][org.apache.ibatis.transaction.jdbc.JdbcTransaction]Opening JDBC Connection
[DEBUG][20-01-04][org.apache.ibatis.datasource.pooled.PooledDataSource]Created connection 1282811396.
[DEBUG][20-01-04][org.apache.ibatis.transaction.jdbc.JdbcTransaction]Setting autocommit to false on JDBC Connection [com.mysql.jdbc.JDBC4Connection@4c762604]
[DEBUG][20-01-04][com.wxg.dao.UserMapper.getUserById]==>  Preparing: /*定义sql*/ select * from mybatis.user where id = ?; 
[DEBUG][20-01-04][com.wxg.dao.UserMapper.getUserById]==> Parameters: 1(Integer)
[DEBUG][20-01-04][com.wxg.dao.UserMapper.getUserById]<==      Total: 1
[DEBUG][20-01-04][org.apache.ibatis.transaction.jdbc.JdbcTransaction]Resetting autocommit to true on JDBC Connection [com.mysql.jdbc.JDBC4Connection@4c762604]
[DEBUG][20-01-04][org.apache.ibatis.transaction.jdbc.JdbcTransaction]Closing JDBC Connection [com.mysql.jdbc.JDBC4Connection@4c762604]
[DEBUG][20-01-04][org.apache.ibatis.datasource.pooled.PooledDataSource]Returned connection 1282811396 to pool.
[INFO][20-01-04][com.wxg.UserDaoTest]info:进入testLog4j
[DEBUG][20-01-04][com.wxg.UserDaoTest]debug:进入testLog4j
[ERROR][20-01-04][com.wxg.UserDaoTest]error:进入testLog4j
[DEBUG][20-01-04][org.apache.ibatis.logging.LogFactory]Logging initialized using 'class org.apache.ibatis.logging.log4j.Log4jImpl' adapter.
[DEBUG][20-01-04][org.apache.ibatis.logging.LogFactory]Logging initialized using 'class org.apache.ibatis.logging.log4j.Log4jImpl' adapter.
[DEBUG][20-01-04][org.apache.ibatis.datasource.pooled.PooledDataSource]PooledDataSource forcefully closed/removed all connections.
[DEBUG][20-01-04][org.apache.ibatis.datasource.pooled.PooledDataSource]PooledDataSource forcefully closed/removed all connections.
[DEBUG][20-01-04][org.apache.ibatis.datasource.pooled.PooledDataSource]PooledDataSource forcefully closed/removed all connections.
[DEBUG][20-01-04][org.apache.ibatis.datasource.pooled.PooledDataSource]PooledDataSource forcefully closed/removed all connections.
[DEBUG][20-01-04][org.apache.ibatis.transaction.jdbc.JdbcTransaction]Opening JDBC Connection
[DEBUG][20-01-04][org.apache.ibatis.datasource.pooled.PooledDataSource]Created connection 1739876329.
[DEBUG][20-01-04][org.apache.ibatis.transaction.jdbc.JdbcTransaction]Setting autocommit to false on JDBC Connection [com.mysql.jdbc.JDBC4Connection@67b467e9]
[DEBUG][20-01-04][com.wxg.dao.UserMapper.getUserByLimit]==>  Preparing: select * from user limit ?,? 
[DEBUG][20-01-04][com.wxg.dao.UserMapper.getUserByLimit]==> Parameters: 0(Integer), 2(Integer)
[DEBUG][20-01-04][com.wxg.dao.UserMapper.getUserByLimit]<==      Total: 2
[DEBUG][20-01-04][org.apache.ibatis.transaction.jdbc.JdbcTransaction]Resetting autocommit to true on JDBC Connection [com.mysql.jdbc.JDBC4Connection@67b467e9]
[DEBUG][20-01-04][org.apache.ibatis.transaction.jdbc.JdbcTransaction]Closing JDBC Connection [com.mysql.jdbc.JDBC4Connection@67b467e9]
[DEBUG][20-01-04][org.apache.ibatis.datasource.pooled.PooledDataSource]Returned connection 1739876329 to pool.
[DEBUG][20-01-04][org.apache.ibatis.logging.LogFactory]Logging initialized using 'class org.apache.ibatis.logging.log4j.Log4jImpl' adapter.
[DEBUG][20-01-04][org.apache.ibatis.logging.LogFactory]Logging initialized using 'class org.apache.ibatis.logging.log4j.Log4jImpl' adapter.
[DEBUG][20-01-04][org.apache.ibatis.datasource.pooled.PooledDataSource]PooledDataSource forcefully closed/removed all connections.
[DEBUG][20-01-04][org.apache.ibatis.datasource.pooled.PooledDataSource]PooledDataSource forcefully closed/removed all connections.
[DEBUG][20-01-04][org.apache.ibatis.datasource.pooled.PooledDataSource]PooledDataSource forcefully closed/removed all connections.
[DEBUG][20-01-04][org.apache.ibatis.datasource.pooled.PooledDataSource]PooledDataSource forcefully closed/removed all connections.
[DEBUG][20-01-04][org.apache.ibatis.transaction.jdbc.JdbcTransaction]Opening JDBC Connection
[DEBUG][20-01-04][org.apache.ibatis.datasource.pooled.PooledDataSource]Created connection 1739876329.
[DEBUG][20-01-04][org.apache.ibatis.transaction.jdbc.JdbcTransaction]Setting autocommit to false on JDBC Connection [com.mysql.jdbc.JDBC4Connection@67b467e9]
[DEBUG][20-01-04][com.wxg.dao.UserMapper.getUserByLimit]==>  Preparing: select * from user limit ?,? 
[DEBUG][20-01-04][com.wxg.dao.UserMapper.getUserByLimit]==> Parameters: 1(Integer), 2(Integer)
[DEBUG][20-01-04][com.wxg.dao.UserMapper.getUserByLimit]<==      Total: 2
[DEBUG][20-01-04][org.apache.ibatis.transaction.jdbc.JdbcTransaction]Resetting autocommit to true on JDBC Connection [com.mysql.jdbc.JDBC4Connection@67b467e9]
[DEBUG][20-01-04][org.apache.ibatis.transaction.jdbc.JdbcTransaction]Closing JDBC Connection [com.mysql.jdbc.JDBC4Connection@67b467e9]
[DEBUG][20-01-04][org.apache.ibatis.datasource.pooled.PooledDataSource]Returned connection 1739876329 to pool.
[DEBUG][20-01-04][org.apache.ibatis.logging.LogFactory]Logging initialized using 'class org.apache.ibatis.logging.log4j.Log4jImpl' adapter.
[DEBUG][20-01-04][org.apache.ibatis.logging.LogFactory]Logging initialized using 'class org.apache.ibatis.logging.log4j.Log4jImpl' adapter.
[DEBUG][20-01-04][org.apache.ibatis.datasource.pooled.PooledDataSource]PooledDataSource forcefully closed/removed all connections.
[DEBUG][20-01-04][org.apache.ibatis.datasource.pooled.PooledDataSource]PooledDataSource forcefully closed/removed all connections.
[DEBUG][20-01-04][org.apache.ibatis.datasource.pooled.PooledDataSource]PooledDataSource forcefully closed/removed all connections.
[DEBUG][20-01-04][org.apache.ibatis.datasource.pooled.PooledDataSource]PooledDataSource forcefully closed/removed all connections.
[DEBUG][20-01-04][org.apache.ibatis.transaction.jdbc.JdbcTransaction]Opening JDBC Connection
[DEBUG][20-01-04][org.apache.ibatis.datasource.pooled.PooledDataSource]Created connection 1739876329.
[DEBUG][20-01-04][org.apache.ibatis.transaction.jdbc.JdbcTransaction]Setting autocommit to false on JDBC Connection [com.mysql.jdbc.JDBC4Connection@67b467e9]
[DEBUG][20-01-04][com.wxg.dao.UserMapper.getUserByLimit]==>  Preparing: select * from user limit ?,? 
[DEBUG][20-01-04][com.wxg.dao.UserMapper.getUserByLimit]==> Parameters: 1(Integer), 2(Integer)
[DEBUG][20-01-04][com.wxg.dao.UserMapper.getUserByLimit]<==      Total: 2
[DEBUG][20-01-04][org.apache.ibatis.transaction.jdbc.JdbcTransaction]Resetting autocommit to true on JDBC Connection [com.mysql.jdbc.JDBC4Connection@67b467e9]
[DEBUG][20-01-04][org.apache.ibatis.transaction.jdbc.JdbcTransaction]Closing JDBC Connection [com.mysql.jdbc.JDBC4Connection@67b467e9]
[DEBUG][20-01-04][org.apache.ibatis.datasource.pooled.PooledDataSource]Returned connection 1739876329 to pool.
[DEBUG][20-01-04][org.apache.ibatis.logging.LogFactory]Logging initialized using 'class org.apache.ibatis.logging.log4j.Log4jImpl' adapter.
[DEBUG][20-01-04][org.apache.ibatis.logging.LogFactory]Logging initialized using 'class org.apache.ibatis.logging.log4j.Log4jImpl' adapter.
[DEBUG][20-01-04][org.apache.ibatis.datasource.pooled.PooledDataSource]PooledDataSource forcefully closed/removed all connections.
[DEBUG][20-01-04][org.apache.ibatis.datasource.pooled.PooledDataSource]PooledDataSource forcefully closed/removed all connections.
[DEBUG][20-01-04][org.apache.ibatis.datasource.pooled.PooledDataSource]PooledDataSource forcefully closed/removed all connections.
[DEBUG][20-01-04][org.apache.ibatis.datasource.pooled.PooledDataSource]PooledDataSource forcefully closed/removed all connections.
[DEBUG][20-01-04][org.apache.ibatis.transaction.jdbc.JdbcTransaction]Opening JDBC Connection
[DEBUG][20-01-04][org.apache.ibatis.datasource.pooled.PooledDataSource]Created connection 1858609436.
[DEBUG][20-01-04][org.apache.ibatis.transaction.jdbc.JdbcTransaction]Setting autocommit to false on JDBC Connection [com.mysql.jdbc.JDBC4Connection@6ec8211c]
[DEBUG][20-01-04][com.wxg.dao.UserMapper.getUserByRowBounds]==>  Preparing: select * from user 
[DEBUG][20-01-04][com.wxg.dao.UserMapper.getUserByRowBounds]==> Parameters: 
[DEBUG][20-01-04][org.apache.ibatis.transaction.jdbc.JdbcTransaction]Resetting autocommit to true on JDBC Connection [com.mysql.jdbc.JDBC4Connection@6ec8211c]
[DEBUG][20-01-04][org.apache.ibatis.transaction.jdbc.JdbcTransaction]Closing JDBC Connection [com.mysql.jdbc.JDBC4Connection@6ec8211c]
[DEBUG][20-01-04][org.apache.ibatis.datasource.pooled.PooledDataSource]Returned connection 1858609436 to pool.
